# Домашнее задание к занятию «Индексы»- Жакунец Максим


Желаем успехов в выполнении домашнего задания.

### Задание 1

Напишите запрос к учебной базе данных, который вернёт процентное отношение общего размера всех индексов к общему размеру всех таблиц.

### Решение 

```
SELECT SUM(index_length) AS Total_index,  SUM(data_length) AS Total_data, 
ROUND((SUM(index_length)/SUM(data_length))*100, 1) AS Percent_index_data
FROM INFORMATION_SCHEMA.TABLES;

```

```
|Total_index|Total_data|Percent_index_data|
|-----------|----------|------------------|
|2 736 128  |6 832 128 |40                |

```

### Задание 2

Выполните explain analyze следующего запроса:
```sql
select distinct concat(c.last_name, ' ', c.first_name), sum(p.amount) over (partition by c.customer_id, f.title)
from payment p, rental r, customer c, inventory i, film f
where date(p.payment_date) = '2005-07-30' and p.payment_date = r.rental_date and r.customer_id = c.customer_id and i.inventory_id = r.inventory_id
```
- перечислите узкие места;
- оптимизируйте запрос: внесите корректировки по использованию операторов, при необходимости добавьте индексы.

### Решение 
1.Надо убрать "f.title"
2.Таблица film в данном запросе лишняя 

Вывод до исправлений 

```
-> Limit: 200 row(s)  (cost=0..0 rows=0) (actual time=2707..2707 rows=200 loops=1)
    -> Table scan on <temporary>  (cost=2.5..2.5 rows=0) (actual time=2707..2707 rows=200 loops=1)
        -> Temporary table with deduplication  (cost=0..0 rows=0) (actual time=2707..2707 rows=391 loops=1)
            -> Window aggregate with buffering: sum(payment.amount) OVER (PARTITION BY c.customer_id,f.title )   (actual time=1163..2620 rows=642000 loops=1)
                -> Sort: c.customer_id, f.title  (actual time=1163..1203 rows=642000 loops=1)
                    -> Stream results  (cost=10.3e+6 rows=16e+6) (actual time=2.21..797 rows=642000 loops=1)
                        -> Nested loop inner join  (cost=10.3e+6 rows=16e+6) (actual time=2.19..689 rows=642000 loops=1)
                            -> Nested loop inner join  (cost=8.74e+6 rows=16e+6) (actual time=2.15..583 rows=642000 loops=1)
                                -> Nested loop inner join  (cost=7.14e+6 rows=16e+6) (actual time=2.11..477 rows=642000 loops=1)
                                    -> Inner hash join (no condition)  (cost=1.58e+6 rows=15.8e+6) (actual time=2.03..23.6 rows=634000 loops=1)
                                        -> Filter: (cast(p.payment_date as date) = '2005-07-30')  (cost=1.65 rows=15813) (actual time=0.131..3.02 rows=634 loops=1)
                                            -> Table scan on p  (cost=1.65 rows=15813) (actual time=0.11..2.51 rows=16044 loops=1)
                                        -> Hash
                                            -> Covering index scan on f using idx_title  (cost=103 rows=1000) (actual time=0.932..1.69 rows=1000 loops=1)
                                    -> Covering index lookup on r using rental_date (rental_date=p.payment_date)  (cost=0.25 rows=1.01) (actual time=445e-6..624e-6 rows=1.01 loops=634000)
                                -> Single-row index lookup on c using PRIMARY (customer_id=r.customer_id)  (cost=250e-6 rows=1) (actual time=55.4e-6..74.4e-6 rows=1 loops=642000)
                            -> Single-row covering index lookup on i using PRIMARY (inventory_id=r.inventory_id)  (cost=250e-6 rows=1) (actual time=53.8e-6..72.9e-6 rows=1 loops=642000)


```

Исправленый запрос

```
select distinct concat(c.last_name, ' ', c.first_name), sum(p.amount) over (partition by c.customer_id)
from payment p, rental r, customer c, inventory i
where date(p.payment_date) = '2005-07-30' and p.payment_date = r.rental_date and r.customer_id = c.customer_id and i.inventory_id = r.inventory_id

```
Оптимизированный вывод 

```
-> Limit: 200 row(s)  (cost=0..0 rows=0) (actual time=17.2..17.2 rows=200 loops=1)
    -> Table scan on <temporary>  (cost=2.5..2.5 rows=0) (actual time=17.2..17.2 rows=200 loops=1)
        -> Temporary table with deduplication  (cost=0..0 rows=0) (actual time=17.2..17.2 rows=391 loops=1)
            -> Window aggregate with buffering: sum(payment.amount) OVER (PARTITION BY c.customer_id )   (actual time=16.1..17 rows=642 loops=1)
                -> Sort: c.customer_id  (actual time=16..16.1 rows=642 loops=1)
                    -> Stream results  (cost=18367 rows=16010) (actual time=0.439..15.7 rows=642 loops=1)
                        -> Nested loop inner join  (cost=18367 rows=16010) (actual time=0.425..15.3 rows=642 loops=1)
                            -> Nested loop inner join  (cost=12763 rows=16010) (actual time=0.39..13.9 rows=642 loops=1)
                                -> Nested loop inner join  (cost=7160 rows=16010) (actual time=0.34..12.9 rows=642 loops=1)
                                    -> Filter: (cast(p.payment_date as date) = '2005-07-30')  (cost=1606 rows=15813) (actual time=0.253..10.7 rows=634 loops=1)
                                        -> Table scan on p  (cost=1606 rows=15813) (actual time=0.235..8.63 rows=16044 loops=1)
                                    -> Covering index lookup on r using rental_date (rental_date=p.payment_date)  (cost=0.25 rows=1.01) (actual time=0.00244..0.00326 rows=1.01 loops=634)
                                -> Single-row index lookup on c using PRIMARY (customer_id=r.customer_id)  (cost=0.25 rows=1) (actual time=0.00131..0.00136 rows=1 loops=642)
                            -> Single-row covering index lookup on i using PRIMARY (inventory_id=r.inventory_id)  (cost=0.25 rows=1) (actual time=0.00188..0.00192 rows=1 loops=642)

```


## Дополнительные задания (со звёздочкой*)
Эти задания дополнительные, то есть не обязательные к выполнению, и никак не повлияют на получение вами зачёта по этому домашнему заданию. Вы можете их выполнить, если хотите глубже шире разобраться в материале.

### Задание 3*

Самостоятельно изучите, какие типы индексов используются в PostgreSQL. Перечислите те индексы, которые используются в PostgreSQL, а в MySQL — нет.

*Приведите ответ в свободной форме.*
